Using pre-set license
Built from '2020.3/staging' branch; Version is '2020.3.16f1 (049d6eca3c44) revision 302446'; Using compiler version '192528614'; Build Type 'Release'
OS: 'Windows 10 Enterprise; OS build 19043.1165; Version 2009; 64bit' Language: 'en' Physical Memory: 32468 MB
BatchMode: 1, IsHumanControllingUs: 0, StartBugReporterOnCrash: 0, Is64bit: 1, IsPro: 0

 COMMAND LINE ARGUMENTS:
C:\Program Files\Unity\Editor\Unity.exe
-adb2
-batchMode
-noUpm
-name
AssetImportWorker0
-projectPath
C:/Users/mm3091/Documents/GitHub/2021-09-module2-Matteo-Max-M
-logFile
Logs/AssetImportWorker0.log
-srvPort
50084
Successfully changed project path to: C:/Users/mm3091/Documents/GitHub/2021-09-module2-Matteo-Max-M
C:/Users/mm3091/Documents/GitHub/2021-09-module2-Matteo-Max-M
Using Asset Import Pipeline V2.
Refreshing native plugins compatible for Editor in 23.57 ms, found 2 plugins.
Preloading 0 native plugins for Editor in 0.00 ms.
Initialize engine version: 2020.3.16f1 (049d6eca3c44)
[Subsystems] Discovering subsystems at path C:/Program Files/Unity/Editor/Data/Resources/UnitySubsystems
[Subsystems] Discovering subsystems at path C:/Users/mm3091/Documents/GitHub/2021-09-module2-Matteo-Max-M/Assets
GfxDevice: creating device client; threaded=0
Direct3D:
    Version:  Direct3D 11.0 [level 11.1]
    Renderer: NVIDIA Quadro P1000 (ID=0x1cb1)
    Vendor:   
    VRAM:     4019 MB
    Driver:   27.21.14.6155
Initialize mono
Mono path[0] = 'C:/Program Files/Unity/Editor/Data/Managed'
Mono path[1] = 'C:/Program Files/Unity/Editor/Data/MonoBleedingEdge/lib/mono/unityjit'
Mono config path = 'C:/Program Files/Unity/Editor/Data/MonoBleedingEdge/etc'
Using monoOptions --debugger-agent=transport=dt_socket,embedding=1,server=y,suspend=n,address=127.0.0.1:56340
Begin MonoManager ReloadAssembly
Registering precompiled unity dll's ...
Register platform support module: C:/Program Files/Unity/Editor/Data/PlaybackEngines/WebGLSupport/UnityEditor.WebGL.Extensions.dll
Register platform support module: C:/Program Files/Unity/Editor/Data/PlaybackEngines/MacStandaloneSupport/UnityEditor.OSXStandalone.Extensions.dll
Register platform support module: C:/Program Files/Unity/Editor/Data/PlaybackEngines/WindowsStandaloneSupport/UnityEditor.WindowsStandalone.Extensions.dll
Register platform support module: C:/Program Files/Unity/Editor/Data/PlaybackEngines/LinuxStandaloneSupport/UnityEditor.LinuxStandalone.Extensions.dll
Register platform support module: C:/Program Files/Unity/Editor/Data/PlaybackEngines/LuminSupport/UnityEditor.Lumin.Extensions.dll
Registered in 0.002434 seconds.
Native extension for Lumin target not found
Native extension for LinuxStandalone target not found
Native extension for WindowsStandalone target not found
Native extension for OSXStandalone target not found
Native extension for WebGL target not found
Refreshing native plugins compatible for Editor in 25.11 ms, found 2 plugins.
Preloading 0 native plugins for Editor in 0.00 ms.
Mono: successfully reloaded assembly
- Completed reload, in  0.919 seconds
Domain Reload Profiling:
	ReloadAssembly (919ms)
		BeginReloadAssembly (41ms)
			ExecutionOrderSort (0ms)
			DisableScriptedObjects (0ms)
			BackupInstance (0ms)
			ReleaseScriptingObjects (0ms)
			CreateAndSetChildDomain (1ms)
		EndReloadAssembly (337ms)
			LoadAssemblies (40ms)
			RebuildTransferFunctionScriptingTraits (0ms)
			SetupTypeCache (133ms)
			ReleaseScriptCaches (0ms)
			RebuildScriptCaches (25ms)
			SetupLoadedEditorAssemblies (125ms)
				LogAssemblyErrors (0ms)
				InitializePlatformSupportModulesInManaged (6ms)
				SetLoadedEditorAssemblies (0ms)
				RefreshPlugins (25ms)
				BeforeProcessingInitializeOnLoad (8ms)
				ProcessInitializeOnLoadAttributes (63ms)
				ProcessInitializeOnLoadMethodAttributes (22ms)
				AfterProcessingInitializeOnLoad (0ms)
				EditorAssembliesLoaded (0ms)
			ExecutionOrderSort2 (0ms)
			AwakeInstancesAfterBackupRestoration (0ms)
Platform modules already initialized, skipping
Registering precompiled user dll's ...
Registered in 0.002559 seconds.
Begin MonoManager ReloadAssembly
Native extension for Lumin target not found
Native extension for LinuxStandalone target not found
Native extension for WindowsStandalone target not found
Native extension for OSXStandalone target not found
Native extension for WebGL target not found
Refreshing native plugins compatible for Editor in 0.27 ms, found 2 plugins.
Preloading 0 native plugins for Editor in 0.00 ms.
Mono: successfully reloaded assembly
- Completed reload, in  0.850 seconds
Domain Reload Profiling:
	ReloadAssembly (851ms)
		BeginReloadAssembly (116ms)
			ExecutionOrderSort (0ms)
			DisableScriptedObjects (4ms)
			BackupInstance (0ms)
			ReleaseScriptingObjects (0ms)
			CreateAndSetChildDomain (15ms)
		EndReloadAssembly (687ms)
			LoadAssemblies (68ms)
			RebuildTransferFunctionScriptingTraits (0ms)
			SetupTypeCache (215ms)
			ReleaseScriptCaches (0ms)
			RebuildScriptCaches (33ms)
			SetupLoadedEditorAssemblies (299ms)
				LogAssemblyErrors (0ms)
				InitializePlatformSupportModulesInManaged (6ms)
				SetLoadedEditorAssemblies (0ms)
				RefreshPlugins (0ms)
				BeforeProcessingInitializeOnLoad (47ms)
				ProcessInitializeOnLoadAttributes (237ms)
				ProcessInitializeOnLoadMethodAttributes (3ms)
				AfterProcessingInitializeOnLoad (4ms)
				EditorAssembliesLoaded (0ms)
			ExecutionOrderSort2 (0ms)
			AwakeInstancesAfterBackupRestoration (5ms)
Platform modules already initialized, skipping
========================================================================
Worker process is ready to serve import requests
Launched and connected shader compiler UnityShaderCompiler.exe after 0.03 seconds
Refreshing native plugins compatible for Editor in 0.26 ms, found 2 plugins.
Preloading 0 native plugins for Editor in 0.00 ms.
Unloading 1447 Unused Serialized files (Serialized files now loaded: 0)
System memory in use before: 66.4 MB.
System memory in use after: 66.5 MB.

Unloading 18 unused Assets to reduce memory usage. Loaded Objects now: 1881.
Total: 2.297600 ms (FindLiveObjects: 0.171100 ms CreateObjectMapping: 0.057000 ms MarkObjects: 2.019400 ms  DeleteObjects: 0.049300 ms)

AssetImportParameters requested are different than current active one (requested -> active):
  custom:framework-win-MediaFoundation: 216162199b28c13a410421893ffa2e32 -> 
  custom:video-decoder-ogg-theora: a1e56fd34408186e4bbccfd4996cb3dc -> 
  custom:container-muxer-webm: aa71ff27fc2769a1b78a27578f13a17b -> 
  custom:container-demuxer-webm: 4f35f7cbe854078d1ac9338744f61a02 -> 
  custom:container-demuxer-ogg: 62fdf1f143b41e24485cea50d1cbac27 -> 
  custom:video-encoder-webm-vp8: eb34c28f22e8b96e1ab97ce403110664 -> 
  custom:video-decoder-webm-vp8: 9c59270c3fd7afecdb556c50c9e8de78 -> 
  custom:audio-decoder-ogg-vorbis: bf7c407c2cedff20999df2af8eb42d56 -> 
  custom:audio-encoder-webm-vorbis: bf7c407c2cedff20999df2af8eb42d56 -> 
========================================================================
Received Import Request.
  path: Assets/Prospector/__Scripts/CardProspector.cs
  artifactKey: Guid(4c5505165079f144992ab2f9d368edc1) Importer(815301076,1909f56bfc062723c751e8b465ee728b)
Start importing Assets/Prospector/__Scripts/CardProspector.cs using Guid(4c5505165079f144992ab2f9d368edc1) Importer(815301076,1909f56bfc062723c751e8b465ee728b)  -> (artifact id: 'bdfd569598abeb68f8b38f298d1c325c') in 0.038219 seconds 
  Import took 0.040075 seconds .

========================================================================
Received Import Request.
  Time since last request: 9.099842 seconds.
  path: Assets/Prospector/__Scripts/Layout.cs
  artifactKey: Guid(a4e2a9ed8cd1e174995536a958bfc778) Importer(815301076,1909f56bfc062723c751e8b465ee728b)
Start importing Assets/Prospector/__Scripts/Layout.cs using Guid(a4e2a9ed8cd1e174995536a958bfc778) Importer(815301076,1909f56bfc062723c751e8b465ee728b)  -> (artifact id: 'f3eb7504a657976e2e97d25f40c5ad82') in 0.026822 seconds 
  Import took 0.028696 seconds .

========================================================================
Received Import Request.
  Time since last request: 8.372935 seconds.
  path: Assets/Prospector/_Sprites/Card_Back.png
  artifactKey: Guid(a8185ed8d47594bb8a3b8e2d9233f769) Importer(815301076,1909f56bfc062723c751e8b465ee728b)
Start importing Assets/Prospector/_Sprites/Card_Back.png using Guid(a8185ed8d47594bb8a3b8e2d9233f769) Importer(815301076,1909f56bfc062723c751e8b465ee728b)  -> (artifact id: '7b54dba8facbb5e9ed9bba50f6757568') in 0.090993 seconds 
  Import took 0.093135 seconds .

========================================================================
Received Import Request.
  Time since last request: 0.000268 seconds.
  path: Assets/Prospector/_Sprites/Card_Front.png
  artifactKey: Guid(873a7658b7ec742228520c7b15510f4d) Importer(815301076,1909f56bfc062723c751e8b465ee728b)
Start importing Assets/Prospector/_Sprites/Card_Front.png using Guid(873a7658b7ec742228520c7b15510f4d) Importer(815301076,1909f56bfc062723c751e8b465ee728b)  -> (artifact id: '6b8ab61e182a449d9aa643423a968862') in 0.049965 seconds 
  Import took 0.051752 seconds .

========================================================================
Received Import Request.
  Time since last request: 0.000267 seconds.
  path: Assets/Prospector/_Sprites/FaceCard_11C.png
  artifactKey: Guid(0044ad2d99ea04858a663c3491cc9a91) Importer(815301076,1909f56bfc062723c751e8b465ee728b)
Start importing Assets/Prospector/_Sprites/FaceCard_11C.png using Guid(0044ad2d99ea04858a663c3491cc9a91) Importer(815301076,1909f56bfc062723c751e8b465ee728b)  -> (artifact id: '83719fdfd2cab7a233b554d27572719a') in 0.052703 seconds 
  Import took 0.054505 seconds .

========================================================================
Received Import Request.
  Time since last request: 0.000265 seconds.
  path: Assets/Prospector/_Sprites/Club.png
  artifactKey: Guid(f2e3abd22e9ae4d17ab5c0659ff3e024) Importer(815301076,1909f56bfc062723c751e8b465ee728b)
Start importing Assets/Prospector/_Sprites/Club.png using Guid(f2e3abd22e9ae4d17ab5c0659ff3e024) Importer(815301076,1909f56bfc062723c751e8b465ee728b)  -> (artifact id: '43fdf86531f2f21a9c57e2dfd1c106ab') in 0.054451 seconds 
  Import took 0.056247 seconds .

========================================================================
Received Import Request.
  Time since last request: 0.000261 seconds.
  path: Assets/Prospector/_Sprites/Heart.png
  artifactKey: Guid(3f3ffa8970b63467cad6ba98725b1c95) Importer(815301076,1909f56bfc062723c751e8b465ee728b)
Start importing Assets/Prospector/_Sprites/Heart.png using Guid(3f3ffa8970b63467cad6ba98725b1c95) Importer(815301076,1909f56bfc062723c751e8b465ee728b)  -> (artifact id: '4c354697e5a765c899d35546f328b945') in 0.049083 seconds 
  Import took 0.050861 seconds .

========================================================================
Received Import Request.
  Time since last request: 0.000258 seconds.
  path: Assets/Prospector/_Sprites/FaceCard_12H.png
  artifactKey: Guid(ee100e0d0a1c04759a5a7537cf5e8752) Importer(815301076,1909f56bfc062723c751e8b465ee728b)
Start importing Assets/Prospector/_Sprites/FaceCard_12H.png using Guid(ee100e0d0a1c04759a5a7537cf5e8752) Importer(815301076,1909f56bfc062723c751e8b465ee728b)  -> (artifact id: 'eac9c8dbef4b1b22608e2ff795a02194') in 0.051500 seconds 
  Import took 0.053299 seconds .

========================================================================
Received Import Request.
  Time since last request: 0.000267 seconds.
  path: Assets/Prospector/_Sprites/Card_Front_Gold.png
  artifactKey: Guid(944dc539459fe4109b973bd4c97f68ee) Importer(815301076,1909f56bfc062723c751e8b465ee728b)
Start importing Assets/Prospector/_Sprites/Card_Front_Gold.png using Guid(944dc539459fe4109b973bd4c97f68ee) Importer(815301076,1909f56bfc062723c751e8b465ee728b)  -> (artifact id: '0fe557bba71285d640a8e4eecd43abe7') in 0.052680 seconds 
  Import took 0.054477 seconds .

========================================================================
Received Import Request.
  Time since last request: 0.000240 seconds.
  path: Assets/Prospector/_Sprites/FaceCard_11S.png
  artifactKey: Guid(21570ac654411438d8f6cc233ffb28e4) Importer(815301076,1909f56bfc062723c751e8b465ee728b)
Start importing Assets/Prospector/_Sprites/FaceCard_11S.png using Guid(21570ac654411438d8f6cc233ffb28e4) Importer(815301076,1909f56bfc062723c751e8b465ee728b)  -> (artifact id: '70312cea8900ed735a030c13cd024a3e') in 0.051084 seconds 
  Import took 0.052863 seconds .

========================================================================
Received Import Request.
  Time since last request: 0.000272 seconds.
  path: Assets/Prospector/_Sprites/FaceCard_13H.png
  artifactKey: Guid(ef50d4f09a2b3425fbbdb8ad5f8957b0) Importer(815301076,1909f56bfc062723c751e8b465ee728b)
Start importing Assets/Prospector/_Sprites/FaceCard_13H.png using Guid(ef50d4f09a2b3425fbbdb8ad5f8957b0) Importer(815301076,1909f56bfc062723c751e8b465ee728b)  -> (artifact id: 'b0f36fa5f0467d582d35474078c284a3') in 0.052666 seconds 
  Import took 0.054568 seconds .

========================================================================
Received Import Request.
  Time since last request: 0.000267 seconds.
  path: Assets/Prospector/_Sprites/FaceCard_12C.png
  artifactKey: Guid(d86c46d6378144162964786d621fb0ca) Importer(815301076,1909f56bfc062723c751e8b465ee728b)
Start importing Assets/Prospector/_Sprites/FaceCard_12C.png using Guid(d86c46d6378144162964786d621fb0ca) Importer(815301076,1909f56bfc062723c751e8b465ee728b)  -> (artifact id: '6b3f35c27a888bec0df595b72d49e7eb') in 0.051208 seconds 
  Import took 0.052969 seconds .

========================================================================
Received Import Request.
  Time since last request: 0.000264 seconds.
  path: Assets/Prospector/_Prefabs/PrefabSprite.prefab
  artifactKey: Guid(12a0355f16a4e3040b7c1daff1c8ed35) Importer(815301076,1909f56bfc062723c751e8b465ee728b)
Start importing Assets/Prospector/_Prefabs/PrefabSprite.prefab using Guid(12a0355f16a4e3040b7c1daff1c8ed35) Importer(815301076,1909f56bfc062723c751e8b465ee728b)  -> (artifact id: 'e12b3c05d1fed75d25bd28111ab7c724') in 0.034737 seconds 
  Import took 0.036505 seconds .

========================================================================
Received Import Request.
  Time since last request: 0.000263 seconds.
  path: Assets/Prospector/_Sprites/FaceCard_13C.png
  artifactKey: Guid(c6955b0be0ed8469d8907eb75524a9d8) Importer(815301076,1909f56bfc062723c751e8b465ee728b)
Start importing Assets/Prospector/_Sprites/FaceCard_13C.png using Guid(c6955b0be0ed8469d8907eb75524a9d8) Importer(815301076,1909f56bfc062723c751e8b465ee728b)  -> (artifact id: 'ae7b497415458c7440fd523c081b613f') in 0.051201 seconds 
  Import took 0.053021 seconds .

========================================================================
Received Import Request.
  Time since last request: 0.000284 seconds.
  path: Assets/Prospector/_Sprites/Diamond.png
  artifactKey: Guid(f8c2745f3b53149c595d8fde43185468) Importer(815301076,1909f56bfc062723c751e8b465ee728b)
Start importing Assets/Prospector/_Sprites/Diamond.png using Guid(f8c2745f3b53149c595d8fde43185468) Importer(815301076,1909f56bfc062723c751e8b465ee728b)  -> (artifact id: '1d50f49b4c0def6a828dfa390c0c56a7') in 0.049043 seconds 
  Import took 0.050814 seconds .

========================================================================
Received Import Request.
  Time since last request: 0.000225 seconds.
  path: Assets/Prospector/_Sprites/Letters.png
  artifactKey: Guid(a3dfadce2ec324208b9305ffd5119ba8) Importer(815301076,1909f56bfc062723c751e8b465ee728b)
Start importing Assets/Prospector/_Sprites/Letters.png using Guid(a3dfadce2ec324208b9305ffd5119ba8) Importer(815301076,1909f56bfc062723c751e8b465ee728b)  -> (artifact id: 'd339261e0ef67245096aae583e326771') in 0.066197 seconds 
  Import took 0.068026 seconds .

========================================================================
Received Import Request.
  Time since last request: 0.000264 seconds.
  path: Assets/Prospector/_Sprites/Card_Back_Gold.png
  artifactKey: Guid(8ecf4828943064b3a96f6258b54c0f11) Importer(815301076,1909f56bfc062723c751e8b465ee728b)
Start importing Assets/Prospector/_Sprites/Card_Back_Gold.png using Guid(8ecf4828943064b3a96f6258b54c0f11) Importer(815301076,1909f56bfc062723c751e8b465ee728b)  -> (artifact id: 'f6479f585a860deac42fe864937928be') in 0.051597 seconds 
  Import took 0.053381 seconds .

========================================================================
Received Import Request.
  Time since last request: 0.000269 seconds.
  path: Assets/Prospector/_Sprites/egypt.jpg
  artifactKey: Guid(79eb53c8e8475b142974ebc7bc8d6634) Importer(815301076,1909f56bfc062723c751e8b465ee728b)
Start importing Assets/Prospector/_Sprites/egypt.jpg using Guid(79eb53c8e8475b142974ebc7bc8d6634) Importer(815301076,1909f56bfc062723c751e8b465ee728b)  -> (artifact id: '199490d9c112ca01b8adc99c8bcbe541') in 0.053547 seconds 
  Import took 0.055340 seconds .

========================================================================
Received Import Request.
  Time since last request: 0.000285 seconds.
  path: Assets/Prospector/_Sprites/ProspectorBackground.png
  artifactKey: Guid(410722e641735434fa9000d31a38bd1b) Importer(815301076,1909f56bfc062723c751e8b465ee728b)
Start importing Assets/Prospector/_Sprites/ProspectorBackground.png using Guid(410722e641735434fa9000d31a38bd1b) Importer(815301076,1909f56bfc062723c751e8b465ee728b)  -> (artifact id: 'aa2ea35a7ce6caf01414204c784563e2') in 0.055198 seconds 
  Import took 0.056985 seconds .

========================================================================
Received Import Request.
  Time since last request: 0.000183 seconds.
  path: Assets/Prospector/_Sprites/FaceCard_12D.png
  artifactKey: Guid(4ec6a5b1f47934636a6280e5abb475f8) Importer(815301076,1909f56bfc062723c751e8b465ee728b)
Start importing Assets/Prospector/_Sprites/FaceCard_12D.png using Guid(4ec6a5b1f47934636a6280e5abb475f8) Importer(815301076,1909f56bfc062723c751e8b465ee728b)  -> (artifact id: '192515b64ad51745d77b3d0724ea61af') in 0.053321 seconds 
  Import took 0.055115 seconds .

========================================================================
Received Import Request.
  Time since last request: 0.000268 seconds.
  path: Assets/Prospector/_Sprites/FaceCard_12S.png
  artifactKey: Guid(1b117bad312e24b2791cbc7dd2ea6d87) Importer(815301076,1909f56bfc062723c751e8b465ee728b)
Start importing Assets/Prospector/_Sprites/FaceCard_12S.png using Guid(1b117bad312e24b2791cbc7dd2ea6d87) Importer(815301076,1909f56bfc062723c751e8b465ee728b)  -> (artifact id: 'd75f442272467a8d6aa4cfced4e5014b') in 0.053045 seconds 
  Import took 0.054837 seconds .

========================================================================
Received Import Request.
  Time since last request: 0.000238 seconds.
  path: Assets/Prospector/_Sprites/FaceCard_11D.png
  artifactKey: Guid(c10418368653749f796f63e87cde78ec) Importer(815301076,1909f56bfc062723c751e8b465ee728b)
Start importing Assets/Prospector/_Sprites/FaceCard_11D.png using Guid(c10418368653749f796f63e87cde78ec) Importer(815301076,1909f56bfc062723c751e8b465ee728b)  -> (artifact id: '8090ca007eaee658ac1d8faf5328744d') in 0.054452 seconds 
  Import took 0.056244 seconds .

========================================================================
Received Import Request.
  Time since last request: 0.000263 seconds.
  path: Assets/Prospector/_Sprites/FaceCard_13S.png
  artifactKey: Guid(a61ea2d4e7838406b97649cd8a3f3f34) Importer(815301076,1909f56bfc062723c751e8b465ee728b)
Start importing Assets/Prospector/_Sprites/FaceCard_13S.png using Guid(a61ea2d4e7838406b97649cd8a3f3f34) Importer(815301076,1909f56bfc062723c751e8b465ee728b)  -> (artifact id: 'd05738b9aed0d63bc10b675b0c2cdfef') in 0.053741 seconds 
  Import took 0.055544 seconds .

========================================================================
Received Import Request.
  Time since last request: 0.000235 seconds.
  path: Assets/Prospector/_Sprites/Spade.png
  artifactKey: Guid(a7994da692eef4500be008b80674eecb) Importer(815301076,1909f56bfc062723c751e8b465ee728b)
Start importing Assets/Prospector/_Sprites/Spade.png using Guid(a7994da692eef4500be008b80674eecb) Importer(815301076,1909f56bfc062723c751e8b465ee728b)  -> (artifact id: '520cec0241f1a3503c0dddc1ad5597cb') in 0.049154 seconds 
  Import took 0.050977 seconds .

========================================================================
Received Import Request.
  Time since last request: 0.000234 seconds.
  path: Assets/Prospector/_Sprites/FaceCard_13D.png
  artifactKey: Guid(6f1efb7f571f948dfa995e521af3100a) Importer(815301076,1909f56bfc062723c751e8b465ee728b)
Start importing Assets/Prospector/_Sprites/FaceCard_13D.png using Guid(6f1efb7f571f948dfa995e521af3100a) Importer(815301076,1909f56bfc062723c751e8b465ee728b)  -> (artifact id: '2da0ff10c8c804630db55515fd037172') in 0.052113 seconds 
  Import took 0.053886 seconds .

========================================================================
Received Import Request.
  Time since last request: 0.000265 seconds.
  path: Assets/Prospector/_Prefabs/PrefabCard.prefab
  artifactKey: Guid(ee93767be21efa14eaa16db1093e90b5) Importer(815301076,1909f56bfc062723c751e8b465ee728b)
Start importing Assets/Prospector/_Prefabs/PrefabCard.prefab using Guid(ee93767be21efa14eaa16db1093e90b5) Importer(815301076,1909f56bfc062723c751e8b465ee728b)  -> (artifact id: 'e0eda628c1d022bef7504e4dab3d094d') in 0.126059 seconds 
  Import took 0.127871 seconds .

========================================================================
Received Import Request.
  Time since last request: 0.000255 seconds.
  path: Assets/Prospector/_Sprites/ProspectorBackground Mat.mat
  artifactKey: Guid(c8ca95433cc67409b8b7e8c5fed52cce) Importer(815301076,1909f56bfc062723c751e8b465ee728b)
Start importing Assets/Prospector/_Sprites/ProspectorBackground Mat.mat using Guid(c8ca95433cc67409b8b7e8c5fed52cce) Importer(815301076,1909f56bfc062723c751e8b465ee728b)  -> (artifact id: '967d6366fdb74ad5fd7de08b91f03937') in 0.177991 seconds 
  Import took 0.179815 seconds .

========================================================================
Received Import Request.
  Time since last request: 0.000262 seconds.
  path: Assets/Prospector/_Sprites/FaceCard_11H.png
  artifactKey: Guid(21a6739a4135346e6956ca54075d8c25) Importer(815301076,1909f56bfc062723c751e8b465ee728b)
Start importing Assets/Prospector/_Sprites/FaceCard_11H.png using Guid(21a6739a4135346e6956ca54075d8c25) Importer(815301076,1909f56bfc062723c751e8b465ee728b)  -> (artifact id: 'a5dbba4b3ec1caaf4b712e6aac7cf7cf') in 0.051728 seconds 
  Import took 0.053504 seconds .

========================================================================
Received Import Request.
  Time since last request: 14.562384 seconds.
  path: Assets/Prospector/__Scripts/Utils.cs
  artifactKey: Guid(c78e537984e8e4215a5293992c3edd35) Importer(815301076,1909f56bfc062723c751e8b465ee728b)
Start importing Assets/Prospector/__Scripts/Utils.cs using Guid(c78e537984e8e4215a5293992c3edd35) Importer(815301076,1909f56bfc062723c751e8b465ee728b)  -> (artifact id: '64a9bffd72874b76ee057bb8701f9d5f') in 0.027048 seconds 
  Import took 0.028951 seconds .

========================================================================
Received Import Request.
  Time since last request: 231.809540 seconds.
  path: Assets/Prospector/__Scripts/Scoreboard.cs
  artifactKey: Guid(b80a687f7dbbba346b51d7efe64451f1) Importer(815301076,1909f56bfc062723c751e8b465ee728b)
Start importing Assets/Prospector/__Scripts/Scoreboard.cs using Guid(b80a687f7dbbba346b51d7efe64451f1) Importer(815301076,1909f56bfc062723c751e8b465ee728b)  -> (artifact id: '8c356530c0a5fbc7444939a68c79e8d0') in 0.027204 seconds 
  Import took 0.029458 seconds .

========================================================================
Received Import Request.
  Time since last request: 24.395665 seconds.
  path: Assets/Prospector/__Scripts/Scoreboard.cs
  artifactKey: Guid(b80a687f7dbbba346b51d7efe64451f1) Importer(815301076,1909f56bfc062723c751e8b465ee728b)
Start importing Assets/Prospector/__Scripts/Scoreboard.cs using Guid(b80a687f7dbbba346b51d7efe64451f1) Importer(815301076,1909f56bfc062723c751e8b465ee728b)  -> (artifact id: '0da0ecfbed1c8fac3dab58e4a6c9a54b') in 0.018497 seconds 
  Import took 0.020351 seconds .

========================================================================
Received Import Request.
  Time since last request: 347.234427 seconds.
  path: Assets/Prospector/__Scripts/FloatingScore.cs
  artifactKey: Guid(0cdaf003181117c4091263f5d392359c) Importer(815301076,1909f56bfc062723c751e8b465ee728b)
Start importing Assets/Prospector/__Scripts/FloatingScore.cs using Guid(0cdaf003181117c4091263f5d392359c) Importer(815301076,1909f56bfc062723c751e8b465ee728b)  -> (artifact id: '173cfdff7c3dceb40ca81b8babb7bed7') in 0.018554 seconds 
  Import took 0.020774 seconds .

========================================================================
Received Import Request.
  Time since last request: 68.131805 seconds.
  path: Assets/Prospector/__Scripts/CardProspector.cs
  artifactKey: Guid(4c5505165079f144992ab2f9d368edc1) Importer(815301076,1909f56bfc062723c751e8b465ee728b)
Start importing Assets/Prospector/__Scripts/CardProspector.cs using Guid(4c5505165079f144992ab2f9d368edc1) Importer(815301076,1909f56bfc062723c751e8b465ee728b)  -> (artifact id: 'f3213dfcab2290a58a6015e118650993') in 0.018311 seconds 
  Import took 0.020225 seconds .

========================================================================
Received Import Request.
  Time since last request: 6.431386 seconds.
  path: Assets/Prospector/__Scripts/Prospector.cs
  artifactKey: Guid(a7d7d9d9d58522f4cb96693ace07ad24) Importer(815301076,1909f56bfc062723c751e8b465ee728b)
Start importing Assets/Prospector/__Scripts/Prospector.cs using Guid(a7d7d9d9d58522f4cb96693ace07ad24) Importer(815301076,1909f56bfc062723c751e8b465ee728b)  -> (artifact id: 'd7437a34f79bdbe4472151e02d2ef3f5') in 0.027102 seconds 
  Import took 0.029007 seconds .

========================================================================
Received Import Request.
  Time since last request: 869.345367 seconds.
  path: Assets/Prospector/__Scripts/Prospector.cs
  artifactKey: Guid(a7d7d9d9d58522f4cb96693ace07ad24) Importer(815301076,1909f56bfc062723c751e8b465ee728b)
Start importing Assets/Prospector/__Scripts/Prospector.cs using Guid(a7d7d9d9d58522f4cb96693ace07ad24) Importer(815301076,1909f56bfc062723c751e8b465ee728b)  -> (artifact id: '6771e0c7d36882cc82713c08f16539df') in 0.018442 seconds 
  Import took 0.020666 seconds .

========================================================================
Received Import Request.
  Time since last request: 355.812072 seconds.
  path: Assets/Prospector/_Prefabs/PrefabFloatingScore.prefab
  artifactKey: Guid(bf529238d3b6c6c4895cce2f39571ca9) Importer(815301076,1909f56bfc062723c751e8b465ee728b)
Start importing Assets/Prospector/_Prefabs/PrefabFloatingScore.prefab using Guid(bf529238d3b6c6c4895cce2f39571ca9) Importer(815301076,1909f56bfc062723c751e8b465ee728b)  -> (artifact id: '22255bfe85a6f461c79f91f51a761801') in 0.034781 seconds 
  Import took 0.037099 seconds .

========================================================================
Received Import Request.
  Time since last request: 0.001169 seconds.
  path: Assets/Prospector/_Prefabs/PrefabFloatingScore.prefab
  artifactKey: Guid(bf529238d3b6c6c4895cce2f39571ca9) Importer(815301076,1909f56bfc062723c751e8b465ee728b)
Start importing Assets/Prospector/_Prefabs/PrefabFloatingScore.prefab using Guid(bf529238d3b6c6c4895cce2f39571ca9) Importer(815301076,1909f56bfc062723c751e8b465ee728b)  -> (artifact id: '22255bfe85a6f461c79f91f51a761801') in 0.020138 seconds 
  Import took 0.022059 seconds .

========================================================================
Received Import Request.
  Time since last request: 710.003568 seconds.
  path: Assets/Prospector/__Scripts/Card.cs
  artifactKey: Guid(100a12af089e19845beeba3dc7d93c78) Importer(815301076,1909f56bfc062723c751e8b465ee728b)
Start importing Assets/Prospector/__Scripts/Card.cs using Guid(100a12af089e19845beeba3dc7d93c78) Importer(815301076,1909f56bfc062723c751e8b465ee728b)  -> (artifact id: '5a68120eae08b5a9edd8b84eded211a8') in 0.027255 seconds 
  Import took 0.029491 seconds .

